This is pdfTeX, Version 3.14159265-2.6-1.40.15 (MiKTeX 2.9 64-bit) (preloaded format=pdflatex 2015.6.29)  12 APR 2016 15:04
entering extended mode
**EST46114_Notas.tex
(EST46114_Notas.tex
LaTeX2e <2015/01/01>
Babel <3.9l> and hyphenation patterns for 69 languages loaded.
("C:\MiKTeX 2.9\tex\latex\base\book.cls"
Document Class: book 2014/09/29 v1.4h Standard LaTeX document class
("C:\MiKTeX 2.9\tex\latex\base\leqno.clo"
File: leqno.clo 2015/03/31 v1.1i Standard LaTeX option (left equation numbers)
)
("C:\MiKTeX 2.9\tex\latex\base\bk12.clo"
File: bk12.clo 2014/09/29 v1.4h Standard LaTeX file (size option)
)
\c@part=\count79
\c@chapter=\count80
\c@section=\count81
\c@subsection=\count82
\c@subsubsection=\count83
\c@paragraph=\count84
\c@subparagraph=\count85
\c@figure=\count86
\c@table=\count87
\abovecaptionskip=\skip41
\belowcaptionskip=\skip42
\bibindent=\dimen102
)
("C:\MiKTeX 2.9\tex\latex\amsmath\amsmath.sty"
Package: amsmath 2013/01/14 v2.14 AMS math features
\@mathmargin=\skip43

For additional information on amsmath, use the `?' option.
("C:\MiKTeX 2.9\tex\latex\amsmath\amstext.sty"
Package: amstext 2000/06/29 v2.01

("C:\MiKTeX 2.9\tex\latex\amsmath\amsgen.sty"
File: amsgen.sty 1999/11/30 v2.0
\@emptytoks=\toks14
\ex@=\dimen103
))
("C:\MiKTeX 2.9\tex\latex\amsmath\amsbsy.sty"
Package: amsbsy 1999/11/29 v1.2d
\pmbraise@=\dimen104
)
("C:\MiKTeX 2.9\tex\latex\amsmath\amsopn.sty"
Package: amsopn 1999/12/14 v2.01 operator names
)
\inf@bad=\count88
LaTeX Info: Redefining \frac on input line 210.
\uproot@=\count89
\leftroot@=\count90
LaTeX Info: Redefining \overline on input line 306.
\classnum@=\count91
\DOTSCASE@=\count92
LaTeX Info: Redefining \ldots on input line 378.
LaTeX Info: Redefining \dots on input line 381.
LaTeX Info: Redefining \cdots on input line 466.
\Mathstrutbox@=\box26
\strutbox@=\box27
\big@size=\dimen105
LaTeX Font Info:    Redeclaring font encoding OML on input line 566.
LaTeX Font Info:    Redeclaring font encoding OMS on input line 567.
\macc@depth=\count93
\c@MaxMatrixCols=\count94
\dotsspace@=\muskip10
\c@parentequation=\count95
\dspbrk@lvl=\count96
\tag@help=\toks15
\row@=\count97
\column@=\count98
\maxfields@=\count99
\andhelp@=\toks16
\eqnshift@=\dimen106
\alignsep@=\dimen107
\tagshift@=\dimen108
\tagwidth@=\dimen109
\totwidth@=\dimen110
\lineht@=\dimen111
\@envbody=\toks17
\multlinegap=\skip44
\multlinetaggap=\skip45
\mathdisplay@stack=\toks18
LaTeX Info: Redefining \[ on input line 2665.
LaTeX Info: Redefining \] on input line 2666.
)
("C:\MiKTeX 2.9\tex\latex\amsfonts\amsfonts.sty"
Package: amsfonts 2013/01/14 v3.01 Basic AMSFonts support
\symAMSa=\mathgroup4
\symAMSb=\mathgroup5
LaTeX Font Info:    Overwriting math alphabet `\mathfrak' in version `bold'
(Font)                  U/euf/m/n --> U/euf/b/n on input line 106.
)
("C:\MiKTeX 2.9\tex\latex\amsfonts\amssymb.sty"
Package: amssymb 2013/01/14 v3.01 AMS font symbols
)
("C:\MiKTeX 2.9\tex\latex\graphics\graphicx.sty"
Package: graphicx 2014/10/28 v1.0g Enhanced LaTeX Graphics (DPC,SPQR)

("C:\MiKTeX 2.9\tex\latex\graphics\keyval.sty"
Package: keyval 2014/10/28 v1.15 key=value parser (DPC)
\KV@toks@=\toks19
)
("C:\MiKTeX 2.9\tex\latex\graphics\graphics.sty"
Package: graphics 2014/10/28 v1.0p Standard LaTeX Graphics (DPC,SPQR)

("C:\MiKTeX 2.9\tex\latex\graphics\trig.sty"
Package: trig 1999/03/16 v1.09 sin cos tan (DPC)
)
("C:\MiKTeX 2.9\tex\latex\00miktex\graphics.cfg"
File: graphics.cfg 2007/01/18 v1.5 graphics configuration of teTeX/TeXLive
)
Package graphics Info: Driver file: pdftex.def on input line 94.

("C:\MiKTeX 2.9\tex\latex\pdftex-def\pdftex.def"
File: pdftex.def 2011/05/27 v0.06d Graphics/color for pdfTeX

("C:\MiKTeX 2.9\tex\generic\oberdiek\infwarerr.sty"
Package: infwarerr 2010/04/08 v1.3 Providing info/warning/error messages (HO)
)
("C:\MiKTeX 2.9\tex\generic\oberdiek\ltxcmds.sty"
Package: ltxcmds 2011/11/09 v1.22 LaTeX kernel commands for general use (HO)
)
\Gread@gobject=\count100
))
\Gin@req@height=\dimen112
\Gin@req@width=\dimen113
)
("C:\MiKTeX 2.9\tex\latex\base\fontenc.sty"
Package: fontenc 2005/09/27 v1.99g Standard LaTeX package

("C:\MiKTeX 2.9\tex\latex\base\t1enc.def"
File: t1enc.def 2005/09/27 v1.99g Standard LaTeX file
LaTeX Font Info:    Redeclaring font encoding T1 on input line 48.
))
("C:\MiKTeX 2.9\tex\latex\base\inputenc.sty"
Package: inputenc 2015/03/17 v1.2c Input encoding file
\inpenc@prehook=\toks20
\inpenc@posthook=\toks21

("C:\MiKTeX 2.9\tex\latex\base\utf8.def"
File: utf8.def 2014/09/29 v1.1m UTF-8 support for inputenc
Now handling font encoding OML ...
... no UTF-8 mapping file for font encoding OML
Now handling font encoding T1 ...
... processing UTF-8 mapping file for font encoding T1

("C:\MiKTeX 2.9\tex\latex\base\t1enc.dfu"
File: t1enc.dfu 2014/09/29 v1.1m UTF-8 support for inputenc
   defining Unicode char U+00A1 (decimal 161)
   defining Unicode char U+00A3 (decimal 163)
   defining Unicode char U+00AB (decimal 171)
   defining Unicode char U+00BB (decimal 187)
   defining Unicode char U+00BF (decimal 191)
   defining Unicode char U+00C0 (decimal 192)
   defining Unicode char U+00C1 (decimal 193)
   defining Unicode char U+00C2 (decimal 194)
   defining Unicode char U+00C3 (decimal 195)
   defining Unicode char U+00C4 (decimal 196)
   defining Unicode char U+00C5 (decimal 197)
   defining Unicode char U+00C6 (decimal 198)
   defining Unicode char U+00C7 (decimal 199)
   defining Unicode char U+00C8 (decimal 200)
   defining Unicode char U+00C9 (decimal 201)
   defining Unicode char U+00CA (decimal 202)
   defining Unicode char U+00CB (decimal 203)
   defining Unicode char U+00CC (decimal 204)
   defining Unicode char U+00CD (decimal 205)
   defining Unicode char U+00CE (decimal 206)
   defining Unicode char U+00CF (decimal 207)
   defining Unicode char U+00D0 (decimal 208)
   defining Unicode char U+00D1 (decimal 209)
   defining Unicode char U+00D2 (decimal 210)
   defining Unicode char U+00D3 (decimal 211)
   defining Unicode char U+00D4 (decimal 212)
   defining Unicode char U+00D5 (decimal 213)
   defining Unicode char U+00D6 (decimal 214)
   defining Unicode char U+00D8 (decimal 216)
   defining Unicode char U+00D9 (decimal 217)
   defining Unicode char U+00DA (decimal 218)
   defining Unicode char U+00DB (decimal 219)
   defining Unicode char U+00DC (decimal 220)
   defining Unicode char U+00DD (decimal 221)
   defining Unicode char U+00DE (decimal 222)
   defining Unicode char U+00DF (decimal 223)
   defining Unicode char U+00E0 (decimal 224)
   defining Unicode char U+00E1 (decimal 225)
   defining Unicode char U+00E2 (decimal 226)
   defining Unicode char U+00E3 (decimal 227)
   defining Unicode char U+00E4 (decimal 228)
   defining Unicode char U+00E5 (decimal 229)
   defining Unicode char U+00E6 (decimal 230)
   defining Unicode char U+00E7 (decimal 231)
   defining Unicode char U+00E8 (decimal 232)
   defining Unicode char U+00E9 (decimal 233)
   defining Unicode char U+00EA (decimal 234)
   defining Unicode char U+00EB (decimal 235)
   defining Unicode char U+00EC (decimal 236)
   defining Unicode char U+00ED (decimal 237)
   defining Unicode char U+00EE (decimal 238)
   defining Unicode char U+00EF (decimal 239)
   defining Unicode char U+00F0 (decimal 240)
   defining Unicode char U+00F1 (decimal 241)
   defining Unicode char U+00F2 (decimal 242)
   defining Unicode char U+00F3 (decimal 243)
   defining Unicode char U+00F4 (decimal 244)
   defining Unicode char U+00F5 (decimal 245)
   defining Unicode char U+00F6 (decimal 246)
   defining Unicode char U+00F8 (decimal 248)
   defining Unicode char U+00F9 (decimal 249)
   defining Unicode char U+00FA (decimal 250)
   defining Unicode char U+00FB (decimal 251)
   defining Unicode char U+00FC (decimal 252)
   defining Unicode char U+00FD (decimal 253)
   defining Unicode char U+00FE (decimal 254)
   defining Unicode char U+00FF (decimal 255)
   defining Unicode char U+0102 (decimal 258)
   defining Unicode char U+0103 (decimal 259)
   defining Unicode char U+0104 (decimal 260)
   defining Unicode char U+0105 (decimal 261)
   defining Unicode char U+0106 (decimal 262)
   defining Unicode char U+0107 (decimal 263)
   defining Unicode char U+010C (decimal 268)
   defining Unicode char U+010D (decimal 269)
   defining Unicode char U+010E (decimal 270)
   defining Unicode char U+010F (decimal 271)
   defining Unicode char U+0110 (decimal 272)
   defining Unicode char U+0111 (decimal 273)
   defining Unicode char U+0118 (decimal 280)
   defining Unicode char U+0119 (decimal 281)
   defining Unicode char U+011A (decimal 282)
   defining Unicode char U+011B (decimal 283)
   defining Unicode char U+011E (decimal 286)
   defining Unicode char U+011F (decimal 287)
   defining Unicode char U+0130 (decimal 304)
   defining Unicode char U+0131 (decimal 305)
   defining Unicode char U+0132 (decimal 306)
   defining Unicode char U+0133 (decimal 307)
   defining Unicode char U+0139 (decimal 313)
   defining Unicode char U+013A (decimal 314)
   defining Unicode char U+013D (decimal 317)
   defining Unicode char U+013E (decimal 318)
   defining Unicode char U+0141 (decimal 321)
   defining Unicode char U+0142 (decimal 322)
   defining Unicode char U+0143 (decimal 323)
   defining Unicode char U+0144 (decimal 324)
   defining Unicode char U+0147 (decimal 327)
   defining Unicode char U+0148 (decimal 328)
   defining Unicode char U+014A (decimal 330)
   defining Unicode char U+014B (decimal 331)
   defining Unicode char U+0150 (decimal 336)
   defining Unicode char U+0151 (decimal 337)
   defining Unicode char U+0152 (decimal 338)
   defining Unicode char U+0153 (decimal 339)
   defining Unicode char U+0154 (decimal 340)
   defining Unicode char U+0155 (decimal 341)
   defining Unicode char U+0158 (decimal 344)
   defining Unicode char U+0159 (decimal 345)
   defining Unicode char U+015A (decimal 346)
   defining Unicode char U+015B (decimal 347)
   defining Unicode char U+015E (decimal 350)
   defining Unicode char U+015F (decimal 351)
   defining Unicode char U+0160 (decimal 352)
   defining Unicode char U+0161 (decimal 353)
   defining Unicode char U+0162 (decimal 354)
   defining Unicode char U+0163 (decimal 355)
   defining Unicode char U+0164 (decimal 356)
   defining Unicode char U+0165 (decimal 357)
   defining Unicode char U+016E (decimal 366)
   defining Unicode char U+016F (decimal 367)
   defining Unicode char U+0170 (decimal 368)
   defining Unicode char U+0171 (decimal 369)
   defining Unicode char U+0178 (decimal 376)
   defining Unicode char U+0179 (decimal 377)
   defining Unicode char U+017A (decimal 378)
   defining Unicode char U+017B (decimal 379)
   defining Unicode char U+017C (decimal 380)
   defining Unicode char U+017D (decimal 381)
   defining Unicode char U+017E (decimal 382)
   defining Unicode char U+200C (decimal 8204)
   defining Unicode char U+2013 (decimal 8211)
   defining Unicode char U+2014 (decimal 8212)
   defining Unicode char U+2018 (decimal 8216)
   defining Unicode char U+2019 (decimal 8217)
   defining Unicode char U+201A (decimal 8218)
   defining Unicode char U+201C (decimal 8220)
   defining Unicode char U+201D (decimal 8221)
   defining Unicode char U+201E (decimal 8222)
   defining Unicode char U+2030 (decimal 8240)
   defining Unicode char U+2031 (decimal 8241)
   defining Unicode char U+2039 (decimal 8249)
   defining Unicode char U+203A (decimal 8250)
   defining Unicode char U+2423 (decimal 9251)
)
Now handling font encoding OT1 ...
... processing UTF-8 mapping file for font encoding OT1

("C:\MiKTeX 2.9\tex\latex\base\ot1enc.dfu"
File: ot1enc.dfu 2014/09/29 v1.1m UTF-8 support for inputenc
   defining Unicode char U+00A1 (decimal 161)
   defining Unicode char U+00A3 (decimal 163)
   defining Unicode char U+00B8 (decimal 184)
   defining Unicode char U+00BF (decimal 191)
   defining Unicode char U+00C5 (decimal 197)
   defining Unicode char U+00C6 (decimal 198)
   defining Unicode char U+00D8 (decimal 216)
   defining Unicode char U+00DF (decimal 223)
   defining Unicode char U+00E6 (decimal 230)
   defining Unicode char U+00EC (decimal 236)
   defining Unicode char U+00ED (decimal 237)
   defining Unicode char U+00EE (decimal 238)
   defining Unicode char U+00EF (decimal 239)
   defining Unicode char U+00F8 (decimal 248)
   defining Unicode char U+0131 (decimal 305)
   defining Unicode char U+0141 (decimal 321)
   defining Unicode char U+0142 (decimal 322)
   defining Unicode char U+0152 (decimal 338)
   defining Unicode char U+0153 (decimal 339)
   defining Unicode char U+2013 (decimal 8211)
   defining Unicode char U+2014 (decimal 8212)
   defining Unicode char U+2018 (decimal 8216)
   defining Unicode char U+2019 (decimal 8217)
   defining Unicode char U+201C (decimal 8220)
   defining Unicode char U+201D (decimal 8221)
)
Now handling font encoding OMS ...
... processing UTF-8 mapping file for font encoding OMS

("C:\MiKTeX 2.9\tex\latex\base\omsenc.dfu"
File: omsenc.dfu 2014/09/29 v1.1m UTF-8 support for inputenc
   defining Unicode char U+00A7 (decimal 167)
   defining Unicode char U+00B6 (decimal 182)
   defining Unicode char U+00B7 (decimal 183)
   defining Unicode char U+2020 (decimal 8224)
   defining Unicode char U+2021 (decimal 8225)
   defining Unicode char U+2022 (decimal 8226)
)
Now handling font encoding OMX ...
... no UTF-8 mapping file for font encoding OMX
Now handling font encoding U ...
... no UTF-8 mapping file for font encoding U
   defining Unicode char U+00A9 (decimal 169)
   defining Unicode char U+00AA (decimal 170)
   defining Unicode char U+00AE (decimal 174)
   defining Unicode char U+00BA (decimal 186)
   defining Unicode char U+02C6 (decimal 710)
   defining Unicode char U+02DC (decimal 732)
   defining Unicode char U+200C (decimal 8204)
   defining Unicode char U+2026 (decimal 8230)
   defining Unicode char U+2122 (decimal 8482)
   defining Unicode char U+2423 (decimal 9251)
))
("C:\MiKTeX 2.9\tex\latex\psnfss\mathptmx.sty"
Package: mathptmx 2005/04/12 PSNFSS-v9.2a Times w/ Math, improved (SPQR, WaS) 
LaTeX Font Info:    Redeclaring symbol font `operators' on input line 28.
LaTeX Font Info:    Overwriting symbol font `operators' in version `normal'
(Font)                  OT1/cmr/m/n --> OT1/ztmcm/m/n on input line 28.
LaTeX Font Info:    Overwriting symbol font `operators' in version `bold'
(Font)                  OT1/cmr/bx/n --> OT1/ztmcm/m/n on input line 28.
LaTeX Font Info:    Redeclaring symbol font `letters' on input line 29.
LaTeX Font Info:    Overwriting symbol font `letters' in version `normal'
(Font)                  OML/cmm/m/it --> OML/ztmcm/m/it on input line 29.
LaTeX Font Info:    Overwriting symbol font `letters' in version `bold'
(Font)                  OML/cmm/b/it --> OML/ztmcm/m/it on input line 29.
LaTeX Font Info:    Redeclaring symbol font `symbols' on input line 30.
LaTeX Font Info:    Overwriting symbol font `symbols' in version `normal'
(Font)                  OMS/cmsy/m/n --> OMS/ztmcm/m/n on input line 30.
LaTeX Font Info:    Overwriting symbol font `symbols' in version `bold'
(Font)                  OMS/cmsy/b/n --> OMS/ztmcm/m/n on input line 30.
LaTeX Font Info:    Redeclaring symbol font `largesymbols' on input line 31.
LaTeX Font Info:    Overwriting symbol font `largesymbols' in version `normal'
(Font)                  OMX/cmex/m/n --> OMX/ztmcm/m/n on input line 31.
LaTeX Font Info:    Overwriting symbol font `largesymbols' in version `bold'
(Font)                  OMX/cmex/m/n --> OMX/ztmcm/m/n on input line 31.
\symbold=\mathgroup6
\symitalic=\mathgroup7
LaTeX Font Info:    Redeclaring math alphabet \mathbf on input line 34.
LaTeX Font Info:    Overwriting math alphabet `\mathbf' in version `normal'
(Font)                  OT1/cmr/bx/n --> OT1/ptm/bx/n on input line 34.
LaTeX Font Info:    Overwriting math alphabet `\mathbf' in version `bold'
(Font)                  OT1/cmr/bx/n --> OT1/ptm/bx/n on input line 34.
LaTeX Font Info:    Redeclaring math alphabet \mathit on input line 35.
LaTeX Font Info:    Overwriting math alphabet `\mathit' in version `normal'
(Font)                  OT1/cmr/m/it --> OT1/ptm/m/it on input line 35.
LaTeX Font Info:    Overwriting math alphabet `\mathit' in version `bold'
(Font)                  OT1/cmr/bx/it --> OT1/ptm/m/it on input line 35.
LaTeX Info: Redefining \hbar on input line 50.
)
("C:\MiKTeX 2.9\tex\latex\algorithms\algorithm.sty"
Package: algorithm 2009/08/24 v0.1 Document Style `algorithm' - floating enviro
nment

("C:\MiKTeX 2.9\tex\latex\float\float.sty"
Package: float 2001/11/08 v1.3d Float enhancements (AL)
\c@float@type=\count101
\float@exts=\toks22
\float@box=\box28
\@float@everytoks=\toks23
\@floatcapt=\box29
)
("C:\MiKTeX 2.9\tex\latex\base\ifthen.sty"
Package: ifthen 2014/09/29 v1.1c Standard LaTeX ifthen package (DPC)
)
\@float@every@algorithm=\toks24
\c@algorithm=\count102
)
("C:\MiKTeX 2.9\tex\latex\algorithms\algorithmic.sty"
Package: algorithmic 2009/08/24 v0.1 Document Style `algorithmic'
\c@ALC@unique=\count103
\c@ALC@line=\count104
\c@ALC@rem=\count105
\c@ALC@depth=\count106
\ALC@tlm=\skip46
\algorithmicindent=\skip47
)
("C:\MiKTeX 2.9\tex\latex\amscls\amsthm.sty"
Package: amsthm 2015/03/04 v2.20.2
\thm@style=\toks25
\thm@bodyfont=\toks26
\thm@headfont=\toks27
\thm@notefont=\toks28
\thm@headpunct=\toks29
\thm@preskip=\skip48
\thm@postskip=\skip49
\thm@headsep=\skip50
\dth@everypar=\toks30
)
("C:\MiKTeX 2.9\tex\latex\babel\babel.sty"
Package: babel 2014/09/25 3.9l The Babel package

*************************************
* Local config file bblopts.cfg used
*
("C:\MiKTeX 2.9\tex\latex\00miktex\bblopts.cfg"
File: bblopts.cfg 2006/07/31 v1.0 MiKTeX 'babel' configuration
)
("C:\MiKTeX 2.9\tex\latex\babel-spanish\spanish.ldf"
Language: spanish.ldf 2014/04/24 v5.0n Spanish support from the babel system

("C:\MiKTeX 2.9\tex\latex\babel\babel.def"
File: babel.def 2014/09/25 3.9l Babel common definitions
\babel@savecnt=\count107
\U@D=\dimen114
)
\es@quottoks=\toks31
\es@quotdepth=\count108
Package babel Info: Making " an active character on input line 516.
Package babel Info: Making . an active character on input line 617.
Package babel Info: Making < an active character on input line 662.
Package babel Info: Making > an active character on input line 662.
))
("C:\MiKTeX 2.9\tex\latex\geometry\geometry.sty"
Package: geometry 2010/09/12 v5.6 Page Geometry

("C:\MiKTeX 2.9\tex\generic\oberdiek\ifpdf.sty"
Package: ifpdf 2011/01/30 v2.3 Provides the ifpdf switch (HO)
Package ifpdf Info: pdfTeX in PDF mode is detected.
)
("C:\MiKTeX 2.9\tex\generic\oberdiek\ifvtex.sty"
Package: ifvtex 2010/03/01 v1.5 Detect VTeX and its facilities (HO)
Package ifvtex Info: VTeX not detected.
)
("C:\MiKTeX 2.9\tex\generic\ifxetex\ifxetex.sty"
Package: ifxetex 2010/09/12 v0.6 Provides ifxetex conditional
)
\Gm@cnth=\count109
\Gm@cntv=\count110
\c@Gm@tempcnt=\count111
\Gm@bindingoffset=\dimen115
\Gm@wd@mp=\dimen116
\Gm@odd@mp=\dimen117
\Gm@even@mp=\dimen118
\Gm@layoutwidth=\dimen119
\Gm@layoutheight=\dimen120
\Gm@layouthoffset=\dimen121
\Gm@layoutvoffset=\dimen122
\Gm@dimlist=\toks32

("C:\MiKTeX 2.9\tex\latex\geometry\geometry.cfg"))

! LaTeX Error: Option clash for package graphicx.

See the LaTeX manual or LaTeX Companion for explanation.
Type  H <return>  for immediate help.
 ...                                              
                                                  
l.52 \usepackage
                [
The package graphicx has already been loaded with options:
  []
There has now been an attempt to load it with options
  [pdftex]
Adding the global options:
  ,pdftex
to your \documentclass declaration may fix this.
Try typing  <return>  to proceed.

("C:\MiKTeX 2.9\tex\latex\hyperref\hyperref.sty"
Package: hyperref 2012/11/06 v6.83m Hypertext links for LaTeX

("C:\MiKTeX 2.9\tex\generic\oberdiek\hobsub-hyperref.sty"
Package: hobsub-hyperref 2012/04/25 v1.12 Bundle oberdiek, subset hyperref (HO)


("C:\MiKTeX 2.9\tex\generic\oberdiek\hobsub-generic.sty"
Package: hobsub-generic 2012/04/25 v1.12 Bundle oberdiek, subset generic (HO)
Package: hobsub 2012/04/25 v1.12 Construct package bundles (HO)
Package hobsub Info: Skipping package `infwarerr' (already loaded).
Package hobsub Info: Skipping package `ltxcmds' (already loaded).
Package: ifluatex 2010/03/01 v1.3 Provides the ifluatex switch (HO)
Package ifluatex Info: LuaTeX not detected.
Package hobsub Info: Skipping package `ifvtex' (already loaded).
Package: intcalc 2007/09/27 v1.1 Expandable calculations with integers (HO)
Package hobsub Info: Skipping package `ifpdf' (already loaded).
Package: etexcmds 2011/02/16 v1.5 Avoid name clashes with e-TeX commands (HO)
Package etexcmds Info: Could not find \expanded.
(etexcmds)             That can mean that you are not using pdfTeX 1.50 or
(etexcmds)             that some package has redefined \expanded.
(etexcmds)             In the latter case, load this package earlier.
Package: kvsetkeys 2012/04/25 v1.16 Key value parser (HO)
Package: kvdefinekeys 2011/04/07 v1.3 Define keys (HO)
Package: pdftexcmds 2011/11/29 v0.20 Utility functions of pdfTeX for LuaTeX (HO
)
Package pdftexcmds Info: LuaTeX not detected.
Package pdftexcmds Info: \pdf@primitive is available.
Package pdftexcmds Info: \pdf@ifprimitive is available.
Package pdftexcmds Info: \pdfdraftmode found.
Package: pdfescape 2011/11/25 v1.13 Implements pdfTeX's escape features (HO)
Package: bigintcalc 2012/04/08 v1.3 Expandable calculations on big integers (HO
)
Package: bitset 2011/01/30 v1.1 Handle bit-vector datatype (HO)
Package: uniquecounter 2011/01/30 v1.2 Provide unlimited unique counter (HO)
)
Package hobsub Info: Skipping package `hobsub' (already loaded).
Package: letltxmacro 2010/09/02 v1.4 Let assignment for LaTeX macros (HO)
Package: hopatch 2011/06/24 v1.1 Wrapper for package hooks (HO)
Package: xcolor-patch 2011/01/30 xcolor patch
Package: atveryend 2011/06/30 v1.8 Hooks at the very end of document (HO)
Package atveryend Info: \enddocument detected (standard20110627).
Package: atbegshi 2011/10/05 v1.16 At begin shipout hook (HO)
Package: refcount 2011/10/16 v3.4 Data extraction from label references (HO)
Package: hycolor 2011/01/30 v1.7 Color options for hyperref/bookmark (HO)
)
("C:\MiKTeX 2.9\tex\latex\oberdiek\auxhook.sty"
Package: auxhook 2011/03/04 v1.3 Hooks for auxiliary files (HO)
)
("C:\MiKTeX 2.9\tex\latex\oberdiek\kvoptions.sty"
Package: kvoptions 2011/06/30 v3.11 Key value format for package options (HO)
)
\@linkdim=\dimen123
\Hy@linkcounter=\count112
\Hy@pagecounter=\count113

("C:\MiKTeX 2.9\tex\latex\hyperref\pd1enc.def"
File: pd1enc.def 2012/11/06 v6.83m Hyperref: PDFDocEncoding definition (HO)
Now handling font encoding PD1 ...
... no UTF-8 mapping file for font encoding PD1
)
\Hy@SavedSpaceFactor=\count114

("C:\MiKTeX 2.9\tex\latex\00miktex\hyperref.cfg"
File: hyperref.cfg 2002/06/06 v1.2 hyperref configuration of TeXLive
)
Package hyperref Info: Option `bookmarks' set `true' on input line 4319.
Package hyperref Info: Option `unicode' set `false' on input line 4319.
Package hyperref Info: Option `pdftoolbar' set `true' on input line 4319.
Package hyperref Info: Option `pdfmenubar' set `true' on input line 4319.


Package hyperref Warning: Option `letterpaper' is no longer used.

Package hyperref Info: Option `colorlinks' set `true' on input line 4319.

Package hyperref Warning: Values of option `pdfpagemode':
(hyperref)                * `UseNone'
(hyperref)                * `UseOutlines'
(hyperref)                * `UseThumbs'
(hyperref)                * `FullScreen'
(hyperref)                * `UseOC' (PDF 1.5)
(hyperref)                * `UseAttachments' (PDF 1.6)
(hyperref)                * An empty value disables the option.
(hyperref)                Unknown value `none' on input line 4319.


Package hyperref Warning: Token not allowed in a PDF string (PDFDocEncoding):
(hyperref)                removing `math shift' on input line 4319.


Package hyperref Warning: Token not allowed in a PDF string (PDFDocEncoding):
(hyperref)                removing `math shift' on input line 4319.


Package hyperref Warning: Token not allowed in a PDF string (PDFDocEncoding):
(hyperref)                removing `subscript' on input line 4319.


Package hyperref Warning: Token not allowed in a PDF string (PDFDocEncoding):
(hyperref)                removing `math shift' on input line 4319.


Package hyperref Warning: Token not allowed in a PDF string (PDFDocEncoding):
(hyperref)                removing `math shift' on input line 4319.

Package hyperref Info: Hyper figures OFF on input line 4443.
Package hyperref Info: Link nesting OFF on input line 4448.
Package hyperref Info: Hyper index ON on input line 4451.
Package hyperref Info: Plain pages OFF on input line 4458.
Package hyperref Info: Backreferencing OFF on input line 4463.
Package hyperref Info: Implicit mode ON; LaTeX internals redefined.
Package hyperref Info: Bookmarks ON on input line 4688.
\c@Hy@tempcnt=\count115
("C:\MiKTeX 2.9\tex\latex\url\url.sty"
\Urlmuskip=\muskip11
Package: url 2013/09/16  ver 3.4  Verb mode for urls, etc.
)
LaTeX Info: Redefining \url on input line 5041.
\XeTeXLinkMargin=\dimen124
\Fld@menulength=\count116
\Field@Width=\dimen125
\Fld@charsize=\dimen126
Package hyperref Info: Hyper figures OFF on input line 6295.
Package hyperref Info: Link nesting OFF on input line 6300.
Package hyperref Info: Hyper index ON on input line 6303.
Package hyperref Info: backreferencing OFF on input line 6310.
Package hyperref Info: Link coloring ON on input line 6313.
Package hyperref Info: Link coloring with OCG OFF on input line 6320.
Package hyperref Info: PDF/A mode OFF on input line 6325.
LaTeX Info: Redefining \ref on input line 6365.
LaTeX Info: Redefining \pageref on input line 6369.
\Hy@abspage=\count117
\c@Item=\count118
\c@Hfootnote=\count119
)

Package hyperref Message: Driver (autodetected): hpdftex.

("C:\MiKTeX 2.9\tex\latex\hyperref\hpdftex.def"
File: hpdftex.def 2012/11/06 v6.83m Hyperref driver for pdfTeX
\Fld@listcount=\count120
\c@bookmark@seq@number=\count121

("C:\MiKTeX 2.9\tex\latex\oberdiek\rerunfilecheck.sty"
Package: rerunfilecheck 2011/04/15 v1.7 Rerun checks for auxiliary files (HO)
Package uniquecounter Info: New unique counter `rerunfilecheck' on input line 2
82.
)
\Hy@SectionHShift=\skip51
)

! LaTeX Error: Option clash for package hyperref.

See the LaTeX manual or LaTeX Companion for explanation.
Type  H <return>  for immediate help.
 ...                                              
                                                  
l.69 \usepackage
                [latin1]{inputenc}
The package hyperref has already been loaded with options:
  [bookmarks=true,unicode=false,pdftoolbar=true,pdfmenubar=true,letterpaper,col
orlinks=true,allcolors=blue,pdfpagemode=none,pdftitle={},pdfauthor={Juan Carlos
 Martinez-Ovando},pdfcreator={$ $Id: ACT11302_Notas.de.Clase.tex,v 1.28 2015/10
/20 $ $},pdfsubject={Modelos de perida, Teoria de ruina},pdfkeywords={Inferenci
a frecuentista y bayesiana}]
There has now been an attempt to load it with options
  [plainpages=false,colorlinks,citecolor=Sepia,linkcolor=OliveGreen]
Adding the global options:
  bookmarks=true,unicode=false,pdftoolbar=true,pdfmenubar=true,letterpaper,colo
rlinks=true,allcolors=blue,pdfpagemode=none,pdftitle={},pdfauthor={Juan Carlos 
Martinez-Ovando},pdfcreator={$ $Id: ACT11302_Notas.de.Clase.tex,v 1.28 2015/10/
20 $ $},pdfsubject={Modelos de perida, Teoria de ruina},pdfkeywords={Inferencia
 frecuentista y bayesiana},plainpages=false,colorlinks,citecolor=Sepia,linkcolo
r=OliveGreen
to your \documentclass declaration may fix this.
Try typing  <return>  to proceed.


! LaTeX Error: Option clash for package inputenc.

See the LaTeX manual or LaTeX Companion for explanation.
Type  H <return>  for immediate help.
 ...                                              
                                                  
l.70 \usepackage
                [round]{natbib}
The package inputenc has already been loaded with options:
  [utf8]
There has now been an attempt to load it with options
  [latin1]
Adding the global options:
  utf8,latin1
to your \documentclass declaration may fix this.
Try typing  <return>  to proceed.

("C:\MiKTeX 2.9\tex\latex\natbib\natbib.sty"
Package: natbib 2010/09/13 8.31b (PWD, AO)
\bibhang=\skip52
\bibsep=\skip53
LaTeX Info: Redefining \cite on input line 694.
\c@NAT@ctr=\count122
)

! LaTeX Error: \thesubfigure undefined.

See the LaTeX manual or LaTeX Companion for explanation.
Type  H <return>  for immediate help.
 ...                                              
                                                  
l.77 \renewcommand\thesubfigure
                               {\roman{subfigure}}
Try typing  <return>  to proceed.
If that doesn't work, type  X <return>  to quit.

\c@theorem=\count123

! LaTeX Error: Command \proof already defined.
               Or name \end... illegal, see p.192 of the manual.

See the LaTeX manual or LaTeX Companion for explanation.
Type  H <return>  for immediate help.
 ...                                              
                                                  
l.102 ...labelsep {\bfseries #1}]}{\end{trivlist}}
                                                  
Your command was ignored.
Type  I <command> <return>  to replace it with another command,
or  <return>  to continue without it.

! Too many }'s.
l.128 \newcommand{\Dirac}{\delta}}
                                  
You've closed more groups than you opened.
Such booboos are generally harmless, so keep going.

(EST46114_Notas.aux
LaTeX Info: Redefining \. on input line 23.
LaTeX Info: Redefining \% on input line 23.
)
LaTeX Font Info:    Checking defaults for OML/cmm/m/it on input line 138.
LaTeX Font Info:    ... okay on input line 138.
LaTeX Font Info:    Checking defaults for T1/cmr/m/n on input line 138.
LaTeX Font Info:    ... okay on input line 138.
LaTeX Font Info:    Checking defaults for OT1/cmr/m/n on input line 138.
LaTeX Font Info:    ... okay on input line 138.
LaTeX Font Info:    Checking defaults for OMS/cmsy/m/n on input line 138.
LaTeX Font Info:    ... okay on input line 138.
LaTeX Font Info:    Checking defaults for OMX/cmex/m/n on input line 138.
LaTeX Font Info:    ... okay on input line 138.
LaTeX Font Info:    Checking defaults for U/cmr/m/n on input line 138.
LaTeX Font Info:    ... okay on input line 138.
LaTeX Font Info:    Checking defaults for PD1/pdf/m/n on input line 138.
LaTeX Font Info:    ... okay on input line 138.
LaTeX Font Info:    Try loading font information for T1+ptm on input line 138.
 ("C:\MiKTeX 2.9\tex\latex\psnfss\t1ptm.fd"
File: t1ptm.fd 2001/06/04 font definitions for T1/ptm.
)
("C:\MiKTeX 2.9\tex\context\base\supp-pdf.mkii"
[Loading MPS to PDF converter (version 2006.09.02).]
\scratchcounter=\count124
\scratchdimen=\dimen127
\scratchbox=\box30
\nofMPsegments=\count125
\nofMParguments=\count126
\everyMPshowfont=\toks33
\MPscratchCnt=\count127
\MPscratchDim=\dimen128
\MPnumerator=\count128
\makeMPintoPDFobject=\count129
\everyMPtoPDFconversion=\toks34
)
LaTeX Info: Redefining \. on input line 138.
LaTeX Info: Redefining \% on input line 138.

*geometry* driver: auto-detecting
*geometry* detected driver: pdftex
*geometry* verbose mode - [ preamble ] result:
* driver: pdftex
* paper: letterpaper
* layout: <same size as paper>
* layoutoffset:(h,v)=(0.0pt,0.0pt)
* modes: 
* h-part:(L,W,R)=(85.35826pt, 443.57848pt, 85.35826pt)
* v-part:(T,H,B)=(85.35826pt, 624.25346pt, 85.35826pt)
* \paperwidth=614.295pt
* \paperheight=794.96999pt
* \textwidth=443.57848pt
* \textheight=624.25346pt
* \oddsidemargin=13.08827pt
* \evensidemargin=13.08827pt
* \topmargin=-18.78552pt
* \headheight=12.0pt
* \headsep=19.8738pt
* \topskip=12.0pt
* \footskip=30.0pt
* \marginparwidth=47.0pt
* \marginparsep=7.0pt
* \columnsep=10.0pt
* \skip\footins=10.8pt plus 4.0pt minus 2.0pt
* \hoffset=0.0pt
* \voffset=0.0pt
* \mag=1000
* \@twocolumnfalse
* \@twosidefalse
* \@mparswitchfalse
* \@reversemarginfalse
* (1in=72.27pt=25.4mm, 1cm=28.453pt)

\AtBeginShipoutBox=\box31
("C:\MiKTeX 2.9\tex\latex\graphics\color.sty"
Package: color 2014/10/28 v1.1a Standard LaTeX Color (DPC)

("C:\MiKTeX 2.9\tex\latex\00miktex\color.cfg"
File: color.cfg 2007/01/18 v1.5 color configuration of teTeX/TeXLive
)
Package color Info: Driver file: pdftex.def on input line 142.
)
Package hyperref Info: Link coloring ON on input line 138.

("C:\MiKTeX 2.9\tex\latex\hyperref\nameref.sty"
Package: nameref 2012/10/27 v2.43 Cross-referencing by name of section

("C:\MiKTeX 2.9\tex\generic\oberdiek\gettitlestring.sty"
Package: gettitlestring 2010/12/03 v1.4 Cleanup title references (HO)
)
\c@section@level=\count130
)
LaTeX Info: Redefining \ref on input line 138.
LaTeX Info: Redefining \pageref on input line 138.
LaTeX Info: Redefining \nameref on input line 138.
 (EST46114_Notas.out) (EST46114_Notas.out)
\@outlinefile=\write3
LaTeX Font Info:    Try loading font information for OT1+ztmcm on input line 15
6.
 ("C:\MiKTeX 2.9\tex\latex\psnfss\ot1ztmcm.fd"
File: ot1ztmcm.fd 2000/01/03 Fontinst v1.801 font definitions for OT1/ztmcm.
)
LaTeX Font Info:    Try loading font information for OML+ztmcm on input line 15
6.

("C:\MiKTeX 2.9\tex\latex\psnfss\omlztmcm.fd"
File: omlztmcm.fd 2000/01/03 Fontinst v1.801 font definitions for OML/ztmcm.
)
LaTeX Font Info:    Try loading font information for OMS+ztmcm on input line 15
6.

("C:\MiKTeX 2.9\tex\latex\psnfss\omsztmcm.fd"
File: omsztmcm.fd 2000/01/03 Fontinst v1.801 font definitions for OMS/ztmcm.
)
LaTeX Font Info:    Try loading font information for OMX+ztmcm on input line 15
6.

("C:\MiKTeX 2.9\tex\latex\psnfss\omxztmcm.fd"
File: omxztmcm.fd 2000/01/03 Fontinst v1.801 font definitions for OMX/ztmcm.
)
LaTeX Font Info:    Try loading font information for OT1+ptm on input line 156.


("C:\MiKTeX 2.9\tex\latex\psnfss\ot1ptm.fd"
File: ot1ptm.fd 2001/06/04 font definitions for OT1/ptm.
)
LaTeX Font Info:    Font shape `OT1/ptm/bx/n' in size <14.4> not available
(Font)              Font shape `OT1/ptm/b/n' tried instead on input line 156.
LaTeX Font Info:    Font shape `OT1/ptm/bx/n' in size <10.95> not available
(Font)              Font shape `OT1/ptm/b/n' tried instead on input line 156.
LaTeX Font Info:    Font shape `OT1/ptm/bx/n' in size <8> not available
(Font)              Font shape `OT1/ptm/b/n' tried instead on input line 156.
LaTeX Font Info:    Try loading font information for T1+cmtt on input line 156.


("C:\MiKTeX 2.9\tex\latex\base\t1cmtt.fd"
File: t1cmtt.fd 2014/09/29 v2.5h Standard LaTeX font definitions
)
Package babel Info: Redefining spanish shorthand <<
(babel)             in language  on input line 156.
Package babel Info: Redefining spanish shorthand >>
(babel)             in language  on input line 156.
Package babel Info: Redefining spanish shorthand "=
(babel)             in language  on input line 156.
Package babel Info: Redefining spanish shorthand "~
(babel)             in language  on input line 156.
Package babel Info: Redefining spanish shorthand "!
(babel)             in language  on input line 156.
Package babel Info: Redefining spanish shorthand "?
(babel)             in language  on input line 156.
Package babel Info: Redefining spanish shorthand <<
(babel)             in language  on input line 156.
Package babel Info: Redefining spanish shorthand >>
(babel)             in language  on input line 156.
Package babel Info: Redefining spanish shorthand "=
(babel)             in language  on input line 156.
Package babel Info: Redefining spanish shorthand "~
(babel)             in language  on input line 156.
Package babel Info: Redefining spanish shorthand "!
(babel)             in language  on input line 156.
Package babel Info: Redefining spanish shorthand "?
(babel)             in language  on input line 156.
 [1



{C:/ProgramData/MiKTeX/2.9/pdftex/config/pdftex.map}]
LaTeX Font Info:    Font shape `T1/ptm/bx/n' in size <24.88> not available
(Font)              Font shape `T1/ptm/b/n' tried instead on input line 156.
 (EST46114_Notas.toc
LaTeX Info: Redefining \. on input line 1.
LaTeX Info: Redefining \% on input line 1.
LaTeX Font Info:    Font shape `T1/ptm/bx/n' in size <14.4> not available
(Font)              Font shape `T1/ptm/b/n' tried instead on input line 2.
LaTeX Font Info:    Font shape `T1/ptm/bx/n' in size <12> not available
(Font)              Font shape `T1/ptm/b/n' tried instead on input line 3.
LaTeX Font Info:    Font shape `OT1/ptm/bx/n' in size <12> not available
(Font)              Font shape `OT1/ptm/b/n' tried instead on input line 4.
LaTeX Font Info:    Font shape `OT1/ptm/bx/n' in size <9> not available
(Font)              Font shape `OT1/ptm/b/n' tried instead on input line 4.
LaTeX Font Info:    Font shape `OT1/ptm/bx/n' in size <7> not available
(Font)              Font shape `OT1/ptm/b/n' tried instead on input line 4.
)
\tf@toc=\write4
Package babel Info: Redefining spanish shorthand <<
(babel)             in language  on input line 170.
Package babel Info: Redefining spanish shorthand >>
(babel)             in language  on input line 170.
Package babel Info: Redefining spanish shorthand "=
(babel)             in language  on input line 170.
Package babel Info: Redefining spanish shorthand "~
(babel)             in language  on input line 170.
Package babel Info: Redefining spanish shorthand "!
(babel)             in language  on input line 170.
Package babel Info: Redefining spanish shorthand "?
(babel)             in language  on input line 170.
Package babel Info: Redefining spanish shorthand <<
(babel)             in language  on input line 170.
Package babel Info: Redefining spanish shorthand >>
(babel)             in language  on input line 170.
Package babel Info: Redefining spanish shorthand "=
(babel)             in language  on input line 170.
Package babel Info: Redefining spanish shorthand "~
(babel)             in language  on input line 170.
Package babel Info: Redefining spanish shorthand "!
(babel)             in language  on input line 170.
Package babel Info: Redefining spanish shorthand "?
(babel)             in language  on input line 170.
 [1

]

Package natbib Warning: Citation `DeelstraPlantin_RiskTheoryBook' on page 2 und
efined on input line 173.


Package natbib Warning: Citation `Kass_etal_ModernActuarialBook' on page 2 unde
fined on input line 174.


Package natbib Warning: Citation `Klugman_etal_LossModelsBook' on page 2 undefi
ned on input line 175.


Package natbib Warning: Citation `Melnikov_RiskAnalysisFinance' on page 2 undef
ined on input line 176.


Package natbib Warning: Citation `Panjer_OperationalRisks' on page 2 undefined 
on input line 177.


Package natbib Warning: Citation `Shevchenko_BayesianOperationalRiskBook' on pa
ge 2 undefined on input line 178.


Package natbib Warning: Citation `SOA_IntCollectiveRisk' on page 2 undefined on
 input line 179.


Package natbib Warning: Citation `SOA_PracticalRiskTheory' on page 2 undefined 
on input line 180.


Package natbib Warning: Citation `SOA_NewAppOperationalRisk' on page 2 undefine
d on input line 181.

Package babel Info: Redefining spanish shorthand <<
(babel)             in language  on input line 185.
Package babel Info: Redefining spanish shorthand >>
(babel)             in language  on input line 185.
Package babel Info: Redefining spanish shorthand "=
(babel)             in language  on input line 185.
Package babel Info: Redefining spanish shorthand "~
(babel)             in language  on input line 185.
Package babel Info: Redefining spanish shorthand "!
(babel)             in language  on input line 185.
Package babel Info: Redefining spanish shorthand "?
(babel)             in language  on input line 185.
Package babel Info: Redefining spanish shorthand <<
(babel)             in language  on input line 185.
Package babel Info: Redefining spanish shorthand >>
(babel)             in language  on input line 185.
Package babel Info: Redefining spanish shorthand "=
(babel)             in language  on input line 185.
Package babel Info: Redefining spanish shorthand "~
(babel)             in language  on input line 185.
Package babel Info: Redefining spanish shorthand "!
(babel)             in language  on input line 185.
Package babel Info: Redefining spanish shorthand "?
(babel)             in language  on input line 185.
[2

]
Package babel Info: Redefining spanish shorthand <<
(babel)             in language  on input line 190.
Package babel Info: Redefining spanish shorthand >>
(babel)             in language  on input line 190.
Package babel Info: Redefining spanish shorthand "=
(babel)             in language  on input line 190.
Package babel Info: Redefining spanish shorthand "~
(babel)             in language  on input line 190.
Package babel Info: Redefining spanish shorthand "!
(babel)             in language  on input line 190.
Package babel Info: Redefining spanish shorthand "?
(babel)             in language  on input line 190.
Package babel Info: Redefining spanish shorthand <<
(babel)             in language  on input line 190.
Package babel Info: Redefining spanish shorthand >>
(babel)             in language  on input line 190.
Package babel Info: Redefining spanish shorthand "=
(babel)             in language  on input line 190.
Package babel Info: Redefining spanish shorthand "~
(babel)             in language  on input line 190.
Package babel Info: Redefining spanish shorthand "!
(babel)             in language  on input line 190.
Package babel Info: Redefining spanish shorthand "?
(babel)             in language  on input line 190.
Package babel Info: Redefining spanish shorthand <<
(babel)             in language  on input line 190.
Package babel Info: Redefining spanish shorthand >>
(babel)             in language  on input line 190.
Package babel Info: Redefining spanish shorthand "=
(babel)             in language  on input line 190.
Package babel Info: Redefining spanish shorthand "~
(babel)             in language  on input line 190.
Package babel Info: Redefining spanish shorthand "!
(babel)             in language  on input line 190.
Package babel Info: Redefining spanish shorthand "?
(babel)             in language  on input line 190.
pdfTeX warning (ext4): destination with the same identifier (name{page.1}) has 
been already used, duplicate ignored
<to be read again> 
                   \relax 
l.190 \part{Introducc\'on al paradigma bayesiano}
                                                  [1


]
Cap\'{\i }tulo 1.
Package babel Info: Redefining spanish shorthand <<
(babel)             in language  on input line 195.
Package babel Info: Redefining spanish shorthand >>
(babel)             in language  on input line 195.
Package babel Info: Redefining spanish shorthand "=
(babel)             in language  on input line 195.
Package babel Info: Redefining spanish shorthand "~
(babel)             in language  on input line 195.
Package babel Info: Redefining spanish shorthand "!
(babel)             in language  on input line 195.
Package babel Info: Redefining spanish shorthand "?
(babel)             in language  on input line 195.
Package babel Info: Redefining spanish shorthand <<
(babel)             in language  on input line 204.
Package babel Info: Redefining spanish shorthand >>
(babel)             in language  on input line 204.
Package babel Info: Redefining spanish shorthand "=
(babel)             in language  on input line 204.
Package babel Info: Redefining spanish shorthand "~
(babel)             in language  on input line 204.
Package babel Info: Redefining spanish shorthand "!
(babel)             in language  on input line 204.
Package babel Info: Redefining spanish shorthand "?
(babel)             in language  on input line 204.
Package babel Info: Redefining spanish shorthand <<
(babel)             in language  on input line 204.
Package babel Info: Redefining spanish shorthand >>
(babel)             in language  on input line 204.
Package babel Info: Redefining spanish shorthand "=
(babel)             in language  on input line 204.
Package babel Info: Redefining spanish shorthand "~
(babel)             in language  on input line 204.
Package babel Info: Redefining spanish shorthand "!
(babel)             in language  on input line 204.
Package babel Info: Redefining spanish shorthand "?
(babel)             in language  on input line 204.
pdfTeX warning (ext4): destination with the same identifier (name{page.2}) has 
been already used, duplicate ignored
<to be read again> 
                   \relax 
l.204 \end{equation}
                     [2

]
Package babel Info: Redefining spanish shorthand <<
(babel)             in language  on input line 214.
Package babel Info: Redefining spanish shorthand >>
(babel)             in language  on input line 214.
Package babel Info: Redefining spanish shorthand "=
(babel)             in language  on input line 214.
Package babel Info: Redefining spanish shorthand "~
(babel)             in language  on input line 214.
Package babel Info: Redefining spanish shorthand "!
(babel)             in language  on input line 214.
Package babel Info: Redefining spanish shorthand "?
(babel)             in language  on input line 214.
Package babel Info: Redefining spanish shorthand <<
(babel)             in language  on input line 214.
Package babel Info: Redefining spanish shorthand >>
(babel)             in language  on input line 214.
Package babel Info: Redefining spanish shorthand "=
(babel)             in language  on input line 214.
Package babel Info: Redefining spanish shorthand "~
(babel)             in language  on input line 214.
Package babel Info: Redefining spanish shorthand "!
(babel)             in language  on input line 214.
Package babel Info: Redefining spanish shorthand "?
(babel)             in language  on input line 214.
 [3]

Package natbib Warning: Citation `Savage_FoundationsStatistics' on page 4 undef
ined on input line 215.


Package natbib Warning: Citation `Lindley_StatisticalParadox' on page 4 undefin
ed on input line 215.

LaTeX Font Info:    Font shape `T1/ptm/bx/n' in size <17.28> not available
(Font)              Font shape `T1/ptm/b/n' tried instead on input line 217.
Package babel Info: Redefining spanish shorthand <<
(babel)             in language  on input line 217.
Package babel Info: Redefining spanish shorthand >>
(babel)             in language  on input line 217.
Package babel Info: Redefining spanish shorthand "=
(babel)             in language  on input line 217.
Package babel Info: Redefining spanish shorthand "~
(babel)             in language  on input line 217.
Package babel Info: Redefining spanish shorthand "!
(babel)             in language  on input line 217.
Package babel Info: Redefining spanish shorthand "?
(babel)             in language  on input line 217.
Package babel Info: Redefining spanish shorthand <<
(babel)             in language  on input line 226.
Package babel Info: Redefining spanish shorthand >>
(babel)             in language  on input line 226.
Package babel Info: Redefining spanish shorthand "=
(babel)             in language  on input line 226.
Package babel Info: Redefining spanish shorthand "~
(babel)             in language  on input line 226.
Package babel Info: Redefining spanish shorthand "!
(babel)             in language  on input line 226.
Package babel Info: Redefining spanish shorthand "?
(babel)             in language  on input line 226.
Package babel Info: Redefining spanish shorthand <<
(babel)             in language  on input line 226.
Package babel Info: Redefining spanish shorthand >>
(babel)             in language  on input line 226.
Package babel Info: Redefining spanish shorthand "=
(babel)             in language  on input line 226.
Package babel Info: Redefining spanish shorthand "~
(babel)             in language  on input line 226.
Package babel Info: Redefining spanish shorthand "!
(babel)             in language  on input line 226.
Package babel Info: Redefining spanish shorthand "?
(babel)             in language  on input line 226.
[4]
Package babel Info: Redefining spanish shorthand <<
(babel)             in language  on input line 247.
Package babel Info: Redefining spanish shorthand >>
(babel)             in language  on input line 247.
Package babel Info: Redefining spanish shorthand "=
(babel)             in language  on input line 247.
Package babel Info: Redefining spanish shorthand "~
(babel)             in language  on input line 247.
Package babel Info: Redefining spanish shorthand "!
(babel)             in language  on input line 247.
Package babel Info: Redefining spanish shorthand "?
(babel)             in language  on input line 247.
Package babel Info: Redefining spanish shorthand <<
(babel)             in language  on input line 247.
Package babel Info: Redefining spanish shorthand >>
(babel)             in language  on input line 247.
Package babel Info: Redefining spanish shorthand "=
(babel)             in language  on input line 247.
Package babel Info: Redefining spanish shorthand "~
(babel)             in language  on input line 247.
Package babel Info: Redefining spanish shorthand "!
(babel)             in language  on input line 247.
Package babel Info: Redefining spanish shorthand "?
(babel)             in language  on input line 247.
 [5]
Package babel Info: Redefining spanish shorthand <<
(babel)             in language  on input line 255.
Package babel Info: Redefining spanish shorthand >>
(babel)             in language  on input line 255.
Package babel Info: Redefining spanish shorthand "=
(babel)             in language  on input line 255.
Package babel Info: Redefining spanish shorthand "~
(babel)             in language  on input line 255.
Package babel Info: Redefining spanish shorthand "!
(babel)             in language  on input line 255.
Package babel Info: Redefining spanish shorthand "?
(babel)             in language  on input line 255.
Package babel Info: Redefining spanish shorthand <<
(babel)             in language  on input line 271.
Package babel Info: Redefining spanish shorthand >>
(babel)             in language  on input line 271.
Package babel Info: Redefining spanish shorthand "=
(babel)             in language  on input line 271.
Package babel Info: Redefining spanish shorthand "~
(babel)             in language  on input line 271.
Package babel Info: Redefining spanish shorthand "!
(babel)             in language  on input line 271.
Package babel Info: Redefining spanish shorthand "?
(babel)             in language  on input line 271.
Package babel Info: Redefining spanish shorthand <<
(babel)             in language  on input line 271.
Package babel Info: Redefining spanish shorthand >>
(babel)             in language  on input line 271.
Package babel Info: Redefining spanish shorthand "=
(babel)             in language  on input line 271.
Package babel Info: Redefining spanish shorthand "~
(babel)             in language  on input line 271.
Package babel Info: Redefining spanish shorthand "!
(babel)             in language  on input line 271.
Package babel Info: Redefining spanish shorthand "?
(babel)             in language  on input line 271.
 [6]
Package babel Info: Redefining spanish shorthand <<
(babel)             in language  on input line 278.
Package babel Info: Redefining spanish shorthand >>
(babel)             in language  on input line 278.
Package babel Info: Redefining spanish shorthand "=
(babel)             in language  on input line 278.
Package babel Info: Redefining spanish shorthand "~
(babel)             in language  on input line 278.
Package babel Info: Redefining spanish shorthand "!
(babel)             in language  on input line 278.
Package babel Info: Redefining spanish shorthand "?
(babel)             in language  on input line 278.
Package babel Info: Redefining spanish shorthand <<
(babel)             in language  on input line 278.
Package babel Info: Redefining spanish shorthand >>
(babel)             in language  on input line 278.
Package babel Info: Redefining spanish shorthand "=
(babel)             in language  on input line 278.
Package babel Info: Redefining spanish shorthand "~
(babel)             in language  on input line 278.
Package babel Info: Redefining spanish shorthand "!
(babel)             in language  on input line 278.
Package babel Info: Redefining spanish shorthand "?
(babel)             in language  on input line 278.
 [7]
Cap\'{\i }tulo 2.
Package babel Info: Redefining spanish shorthand <<
(babel)             in language  on input line 278.
Package babel Info: Redefining spanish shorthand >>
(babel)             in language  on input line 278.
Package babel Info: Redefining spanish shorthand "=
(babel)             in language  on input line 278.
Package babel Info: Redefining spanish shorthand "~
(babel)             in language  on input line 278.
Package babel Info: Redefining spanish shorthand "!
(babel)             in language  on input line 278.
Package babel Info: Redefining spanish shorthand "?
(babel)             in language  on input line 278.

Package natbib Warning: Citation `BernardoSmith_BayesBook' on page 8 undefined 
on input line 283.

Package babel Info: Redefining spanish shorthand <<
(babel)             in language  on input line 284.
Package babel Info: Redefining spanish shorthand >>
(babel)             in language  on input line 284.
Package babel Info: Redefining spanish shorthand "=
(babel)             in language  on input line 284.
Package babel Info: Redefining spanish shorthand "~
(babel)             in language  on input line 284.
Package babel Info: Redefining spanish shorthand "!
(babel)             in language  on input line 284.
Package babel Info: Redefining spanish shorthand "?
(babel)             in language  on input line 284.
Package babel Info: Redefining spanish shorthand <<
(babel)             in language  on input line 284.
Package babel Info: Redefining spanish shorthand >>
(babel)             in language  on input line 284.
Package babel Info: Redefining spanish shorthand "=
(babel)             in language  on input line 284.
Package babel Info: Redefining spanish shorthand "~
(babel)             in language  on input line 284.
Package babel Info: Redefining spanish shorthand "!
(babel)             in language  on input line 284.
Package babel Info: Redefining spanish shorthand "?
(babel)             in language  on input line 284.
[8

]
Package babel Info: Redefining spanish shorthand <<
(babel)             in language  on input line 287.
Package babel Info: Redefining spanish shorthand >>
(babel)             in language  on input line 287.
Package babel Info: Redefining spanish shorthand "=
(babel)             in language  on input line 287.
Package babel Info: Redefining spanish shorthand "~
(babel)             in language  on input line 287.
Package babel Info: Redefining spanish shorthand "!
(babel)             in language  on input line 287.
Package babel Info: Redefining spanish shorthand "?
(babel)             in language  on input line 287.


Package natbib Warning: Citation `BernardoSmith_BayesBook' on page 9 undefined 
on input line 291.


Package natbib Warning: Citation `BernardoSmith_BayesBook' on page 9 undefined 
on input line 298.

Package babel Info: Redefining spanish shorthand <<
(babel)             in language  on input line 299.
Package babel Info: Redefining spanish shorthand >>
(babel)             in language  on input line 299.
Package babel Info: Redefining spanish shorthand "=
(babel)             in language  on input line 299.
Package babel Info: Redefining spanish shorthand "~
(babel)             in language  on input line 299.
Package babel Info: Redefining spanish shorthand "!
(babel)             in language  on input line 299.
Package babel Info: Redefining spanish shorthand "?
(babel)             in language  on input line 299.
Package babel Info: Redefining spanish shorthand <<
(babel)             in language  on input line 299.
Package babel Info: Redefining spanish shorthand >>
(babel)             in language  on input line 299.
Package babel Info: Redefining spanish shorthand "=
(babel)             in language  on input line 299.
Package babel Info: Redefining spanish shorthand "~
(babel)             in language  on input line 299.
Package babel Info: Redefining spanish shorthand "!
(babel)             in language  on input line 299.
Package babel Info: Redefining spanish shorthand "?
(babel)             in language  on input line 299.
[9]
Package babel Info: Redefining spanish shorthand <<
(babel)             in language  on input line 302.
Package babel Info: Redefining spanish shorthand >>
(babel)             in language  on input line 302.
Package babel Info: Redefining spanish shorthand "=
(babel)             in language  on input line 302.
Package babel Info: Redefining spanish shorthand "~
(babel)             in language  on input line 302.
Package babel Info: Redefining spanish shorthand "!
(babel)             in language  on input line 302.
Package babel Info: Redefining spanish shorthand "?
(babel)             in language  on input line 302.


Package natbib Warning: Citation `BernardoSmith_BayesBook' on page 10 undefined
 on input line 306.

Package babel Info: Redefining spanish shorthand <<
(babel)             in language  on input line 313.
Package babel Info: Redefining spanish shorthand >>
(babel)             in language  on input line 313.
Package babel Info: Redefining spanish shorthand "=
(babel)             in language  on input line 313.
Package babel Info: Redefining spanish shorthand "~
(babel)             in language  on input line 313.
Package babel Info: Redefining spanish shorthand "!
(babel)             in language  on input line 313.
Package babel Info: Redefining spanish shorthand "?
(babel)             in language  on input line 313.
Package babel Info: Redefining spanish shorthand <<
(babel)             in language  on input line 313.
Package babel Info: Redefining spanish shorthand >>
(babel)             in language  on input line 313.
Package babel Info: Redefining spanish shorthand "=
(babel)             in language  on input line 313.
Package babel Info: Redefining spanish shorthand "~
(babel)             in language  on input line 313.
Package babel Info: Redefining spanish shorthand "!
(babel)             in language  on input line 313.
Package babel Info: Redefining spanish shorthand "?
(babel)             in language  on input line 313.
[10]

Package natbib Warning: Citation `Bernardo_ExpUti' on page 11 undefined on inpu
t line 315.

Package babel Info: Redefining spanish shorthand <<
(babel)             in language  on input line 322.
Package babel Info: Redefining spanish shorthand >>
(babel)             in language  on input line 322.
Package babel Info: Redefining spanish shorthand "=
(babel)             in language  on input line 322.
Package babel Info: Redefining spanish shorthand "~
(babel)             in language  on input line 322.
Package babel Info: Redefining spanish shorthand "!
(babel)             in language  on input line 322.
Package babel Info: Redefining spanish shorthand "?
(babel)             in language  on input line 322.
Package babel Info: Redefining spanish shorthand <<
(babel)             in language  on input line 322.
Package babel Info: Redefining spanish shorthand >>
(babel)             in language  on input line 322.
Package babel Info: Redefining spanish shorthand "=
(babel)             in language  on input line 322.
Package babel Info: Redefining spanish shorthand "~
(babel)             in language  on input line 322.
Package babel Info: Redefining spanish shorthand "!
(babel)             in language  on input line 322.
Package babel Info: Redefining spanish shorthand "?
(babel)             in language  on input line 322.
[11]
Cap\'{\i }tulo 3.
Package babel Info: Redefining spanish shorthand <<
(babel)             in language  on input line 322.
Package babel Info: Redefining spanish shorthand >>
(babel)             in language  on input line 322.
Package babel Info: Redefining spanish shorthand "=
(babel)             in language  on input line 322.
Package babel Info: Redefining spanish shorthand "~
(babel)             in language  on input line 322.
Package babel Info: Redefining spanish shorthand "!
(babel)             in language  on input line 322.
Package babel Info: Redefining spanish shorthand "?
(babel)             in language  on input line 322.
LaTeX Font Info:    Font shape `OT1/ptm/bx/n' in size <10> not available
(Font)              Font shape `OT1/ptm/b/n' tried instead on input line 329.
LaTeX Font Info:    Font shape `OT1/ptm/bx/n' in size <7.4> not available
(Font)              Font shape `OT1/ptm/b/n' tried instead on input line 329.
LaTeX Font Info:    Font shape `OT1/ptm/bx/n' in size <6> not available
(Font)              Font shape `OT1/ptm/b/n' tried instead on input line 329.
Package babel Info: Redefining spanish shorthand <<
(babel)             in language  on input line 330.
Package babel Info: Redefining spanish shorthand >>
(babel)             in language  on input line 330.
Package babel Info: Redefining spanish shorthand "=
(babel)             in language  on input line 330.
Package babel Info: Redefining spanish shorthand "~
(babel)             in language  on input line 330.
Package babel Info: Redefining spanish shorthand "!
(babel)             in language  on input line 330.
Package babel Info: Redefining spanish shorthand "?
(babel)             in language  on input line 330.
Package babel Info: Redefining spanish shorthand <<
(babel)             in language  on input line 330.
Package babel Info: Redefining spanish shorthand >>
(babel)             in language  on input line 330.
Package babel Info: Redefining spanish shorthand "=
(babel)             in language  on input line 330.
Package babel Info: Redefining spanish shorthand "~
(babel)             in language  on input line 330.
Package babel Info: Redefining spanish shorthand "!
(babel)             in language  on input line 330.
Package babel Info: Redefining spanish shorthand "?
(babel)             in language  on input line 330.
[12

]
Package babel Info: Redefining spanish shorthand <<
(babel)             in language  on input line 361.
Package babel Info: Redefining spanish shorthand >>
(babel)             in language  on input line 361.
Package babel Info: Redefining spanish shorthand "=
(babel)             in language  on input line 361.
Package babel Info: Redefining spanish shorthand "~
(babel)             in language  on input line 361.
Package babel Info: Redefining spanish shorthand "!
(babel)             in language  on input line 361.
Package babel Info: Redefining spanish shorthand "?
(babel)             in language  on input line 361.
Package babel Info: Redefining spanish shorthand <<
(babel)             in language  on input line 365.
Package babel Info: Redefining spanish shorthand >>
(babel)             in language  on input line 365.
Package babel Info: Redefining spanish shorthand "=
(babel)             in language  on input line 365.
Package babel Info: Redefining spanish shorthand "~
(babel)             in language  on input line 365.
Package babel Info: Redefining spanish shorthand "!
(babel)             in language  on input line 365.
Package babel Info: Redefining spanish shorthand "?
(babel)             in language  on input line 365.
Package babel Info: Redefining spanish shorthand <<
(babel)             in language  on input line 365.
Package babel Info: Redefining spanish shorthand >>
(babel)             in language  on input line 365.
Package babel Info: Redefining spanish shorthand "=
(babel)             in language  on input line 365.
Package babel Info: Redefining spanish shorthand "~
(babel)             in language  on input line 365.
Package babel Info: Redefining spanish shorthand "!
(babel)             in language  on input line 365.
Package babel Info: Redefining spanish shorthand "?
(babel)             in language  on input line 365.
 [13]

Package natbib Warning: Citation `RobertCasella_MCMCBook' on page 14 undefined 
on input line 394.

Package babel Info: Redefining spanish shorthand <<
(babel)             in language  on input line 395.
Package babel Info: Redefining spanish shorthand >>
(babel)             in language  on input line 395.
Package babel Info: Redefining spanish shorthand "=
(babel)             in language  on input line 395.
Package babel Info: Redefining spanish shorthand "~
(babel)             in language  on input line 395.
Package babel Info: Redefining spanish shorthand "!
(babel)             in language  on input line 395.
Package babel Info: Redefining spanish shorthand "?
(babel)             in language  on input line 395.
Package babel Info: Redefining spanish shorthand <<
(babel)             in language  on input line 395.
Package babel Info: Redefining spanish shorthand >>
(babel)             in language  on input line 395.
Package babel Info: Redefining spanish shorthand "=
(babel)             in language  on input line 395.
Package babel Info: Redefining spanish shorthand "~
(babel)             in language  on input line 395.
Package babel Info: Redefining spanish shorthand "!
(babel)             in language  on input line 395.
Package babel Info: Redefining spanish shorthand "?
(babel)             in language  on input line 395.
[14]
Package babel Info: Redefining spanish shorthand <<
(babel)             in language  on input line 396.
Package babel Info: Redefining spanish shorthand >>
(babel)             in language  on input line 396.
Package babel Info: Redefining spanish shorthand "=
(babel)             in language  on input line 396.
Package babel Info: Redefining spanish shorthand "~
(babel)             in language  on input line 396.
Package babel Info: Redefining spanish shorthand "!
(babel)             in language  on input line 396.
Package babel Info: Redefining spanish shorthand "?
(babel)             in language  on input line 396.


LaTeX Warning: Reference `apendice.cap5' on page 15 undefined on input line 414
.

Package babel Info: Redefining spanish shorthand <<
(babel)             in language  on input line 415.
Package babel Info: Redefining spanish shorthand >>
(babel)             in language  on input line 415.
Package babel Info: Redefining spanish shorthand "=
(babel)             in language  on input line 415.
Package babel Info: Redefining spanish shorthand "~
(babel)             in language  on input line 415.
Package babel Info: Redefining spanish shorthand "!
(babel)             in language  on input line 415.
Package babel Info: Redefining spanish shorthand "?
(babel)             in language  on input line 415.
Package babel Info: Redefining spanish shorthand <<
(babel)             in language  on input line 415.
Package babel Info: Redefining spanish shorthand >>
(babel)             in language  on input line 415.
Package babel Info: Redefining spanish shorthand "=
(babel)             in language  on input line 415.
Package babel Info: Redefining spanish shorthand "~
(babel)             in language  on input line 415.
Package babel Info: Redefining spanish shorthand "!
(babel)             in language  on input line 415.
Package babel Info: Redefining spanish shorthand "?
(babel)             in language  on input line 415.
[15]
Package babel Info: Redefining spanish shorthand <<
(babel)             in language  on input line 416.
Package babel Info: Redefining spanish shorthand >>
(babel)             in language  on input line 416.
Package babel Info: Redefining spanish shorthand "=
(babel)             in language  on input line 416.
Package babel Info: Redefining spanish shorthand "~
(babel)             in language  on input line 416.
Package babel Info: Redefining spanish shorthand "!
(babel)             in language  on input line 416.
Package babel Info: Redefining spanish shorthand "?
(babel)             in language  on input line 416.


Package natbib Warning: Citation `RobertCasella_MCMCBook' on page 16 undefined 
on input line 425.


Package natbib Warning: Citation `RobertCasella_MCMCBook' on page 16 undefined 
on input line 428.

Package babel Info: Redefining spanish shorthand <<
(babel)             in language  on input line 429.
Package babel Info: Redefining spanish shorthand >>
(babel)             in language  on input line 429.
Package babel Info: Redefining spanish shorthand "=
(babel)             in language  on input line 429.
Package babel Info: Redefining spanish shorthand "~
(babel)             in language  on input line 429.
Package babel Info: Redefining spanish shorthand "!
(babel)             in language  on input line 429.
Package babel Info: Redefining spanish shorthand "?
(babel)             in language  on input line 429.
Package babel Info: Redefining spanish shorthand <<
(babel)             in language  on input line 429.
Package babel Info: Redefining spanish shorthand >>
(babel)             in language  on input line 429.
Package babel Info: Redefining spanish shorthand "=
(babel)             in language  on input line 429.
Package babel Info: Redefining spanish shorthand "~
(babel)             in language  on input line 429.
Package babel Info: Redefining spanish shorthand "!
(babel)             in language  on input line 429.
Package babel Info: Redefining spanish shorthand "?
(babel)             in language  on input line 429.
[16]
Package babel Info: Redefining spanish shorthand <<
(babel)             in language  on input line 439.
Package babel Info: Redefining spanish shorthand >>
(babel)             in language  on input line 439.
Package babel Info: Redefining spanish shorthand "=
(babel)             in language  on input line 439.
Package babel Info: Redefining spanish shorthand "~
(babel)             in language  on input line 439.
Package babel Info: Redefining spanish shorthand "!
(babel)             in language  on input line 439.
Package babel Info: Redefining spanish shorthand "?
(babel)             in language  on input line 439.

Overfull \hbox (5.78586pt too wide) in paragraph at lines 441--442
[]\T1/ptm/m/n/12 Para una ca-de-na de Mar-kov $\OT1/ztmcm/m/n/12 ([][])[]$\T1/p
tm/m/n/12 , ele-gi-mos una fa-mi-lia de den-si-da-des $\OML/ztmcm/m/it/12 q\OT1
/ztmcm/m/n/12 ([]\OML/ztmcm/m/it/12 ; [][]\OT1/ztmcm/m/n/12 )$ \T1/ptm/m/n/12 p
arame-
 []

Package babel Info: Redefining spanish shorthand <<
(babel)             in language  on input line 454.
Package babel Info: Redefining spanish shorthand >>
(babel)             in language  on input line 454.
Package babel Info: Redefining spanish shorthand "=
(babel)             in language  on input line 454.
Package babel Info: Redefining spanish shorthand "~
(babel)             in language  on input line 454.
Package babel Info: Redefining spanish shorthand "!
(babel)             in language  on input line 454.
Package babel Info: Redefining spanish shorthand "?
(babel)             in language  on input line 454.
Package babel Info: Redefining spanish shorthand <<
(babel)             in language  on input line 454.
Package babel Info: Redefining spanish shorthand >>
(babel)             in language  on input line 454.
Package babel Info: Redefining spanish shorthand "=
(babel)             in language  on input line 454.
Package babel Info: Redefining spanish shorthand "~
(babel)             in language  on input line 454.
Package babel Info: Redefining spanish shorthand "!
(babel)             in language  on input line 454.
Package babel Info: Redefining spanish shorthand "?
(babel)             in language  on input line 454.
[17]

Package natbib Warning: Citation `Tierney_MCMC' on page 18 undefined on input l
ine 457.

Package babel Info: Redefining spanish shorthand <<
(babel)             in language  on input line 461.
Package babel Info: Redefining spanish shorthand >>
(babel)             in language  on input line 461.
Package babel Info: Redefining spanish shorthand "=
(babel)             in language  on input line 461.
Package babel Info: Redefining spanish shorthand "~
(babel)             in language  on input line 461.
Package babel Info: Redefining spanish shorthand "!
(babel)             in language  on input line 461.
Package babel Info: Redefining spanish shorthand "?
(babel)             in language  on input line 461.
Package babel Info: Redefining spanish shorthand <<
(babel)             in language  on input line 466.
Package babel Info: Redefining spanish shorthand >>
(babel)             in language  on input line 466.
Package babel Info: Redefining spanish shorthand "=
(babel)             in language  on input line 466.
Package babel Info: Redefining spanish shorthand "~
(babel)             in language  on input line 466.
Package babel Info: Redefining spanish shorthand "!
(babel)             in language  on input line 466.
Package babel Info: Redefining spanish shorthand "?
(babel)             in language  on input line 466.
Package babel Info: Redefining spanish shorthand <<
(babel)             in language  on input line 466.
Package babel Info: Redefining spanish shorthand >>
(babel)             in language  on input line 466.
Package babel Info: Redefining spanish shorthand "=
(babel)             in language  on input line 466.
Package babel Info: Redefining spanish shorthand "~
(babel)             in language  on input line 466.
Package babel Info: Redefining spanish shorthand "!
(babel)             in language  on input line 466.
Package babel Info: Redefining spanish shorthand "?
(babel)             in language  on input line 466.
[18]
Package babel Info: Redefining spanish shorthand <<
(babel)             in language  on input line 488.
Package babel Info: Redefining spanish shorthand >>
(babel)             in language  on input line 488.
Package babel Info: Redefining spanish shorthand "=
(babel)             in language  on input line 488.
Package babel Info: Redefining spanish shorthand "~
(babel)             in language  on input line 488.
Package babel Info: Redefining spanish shorthand "!
(babel)             in language  on input line 488.
Package babel Info: Redefining spanish shorthand "?
(babel)             in language  on input line 488.
Package babel Info: Redefining spanish shorthand <<
(babel)             in language  on input line 488.
Package babel Info: Redefining spanish shorthand >>
(babel)             in language  on input line 488.
Package babel Info: Redefining spanish shorthand "=
(babel)             in language  on input line 488.
Package babel Info: Redefining spanish shorthand "~
(babel)             in language  on input line 488.
Package babel Info: Redefining spanish shorthand "!
(babel)             in language  on input line 488.
Package babel Info: Redefining spanish shorthand "?
(babel)             in language  on input line 488.
 [19]
Package babel Info: Redefining spanish shorthand <<
(babel)             in language  on input line 490.
Package babel Info: Redefining spanish shorthand >>
(babel)             in language  on input line 490.
Package babel Info: Redefining spanish shorthand "=
(babel)             in language  on input line 490.
Package babel Info: Redefining spanish shorthand "~
(babel)             in language  on input line 490.
Package babel Info: Redefining spanish shorthand "!
(babel)             in language  on input line 490.
Package babel Info: Redefining spanish shorthand "?
(babel)             in language  on input line 490.
Package babel Info: Redefining spanish shorthand <<
(babel)             in language  on input line 490.
Package babel Info: Redefining spanish shorthand >>
(babel)             in language  on input line 490.
Package babel Info: Redefining spanish shorthand "=
(babel)             in language  on input line 490.
Package babel Info: Redefining spanish shorthand "~
(babel)             in language  on input line 490.
Package babel Info: Redefining spanish shorthand "!
(babel)             in language  on input line 490.
Package babel Info: Redefining spanish shorthand "?
(babel)             in language  on input line 490.
 [20]

Package natbib Warning: Citation `Tierney_MCMC' on page 21 undefined on input l
ine 491.

Package babel Info: Redefining spanish shorthand <<
(babel)             in language  on input line 495.
Package babel Info: Redefining spanish shorthand >>
(babel)             in language  on input line 495.
Package babel Info: Redefining spanish shorthand "=
(babel)             in language  on input line 495.
Package babel Info: Redefining spanish shorthand "~
(babel)             in language  on input line 495.
Package babel Info: Redefining spanish shorthand "!
(babel)             in language  on input line 495.
Package babel Info: Redefining spanish shorthand "?
(babel)             in language  on input line 495.
Package babel Info: Redefining spanish shorthand <<
(babel)             in language  on input line 511.
Package babel Info: Redefining spanish shorthand >>
(babel)             in language  on input line 511.
Package babel Info: Redefining spanish shorthand "=
(babel)             in language  on input line 511.
Package babel Info: Redefining spanish shorthand "~
(babel)             in language  on input line 511.
Package babel Info: Redefining spanish shorthand "!
(babel)             in language  on input line 511.
Package babel Info: Redefining spanish shorthand "?
(babel)             in language  on input line 511.
Package babel Info: Redefining spanish shorthand <<
(babel)             in language  on input line 511.
Package babel Info: Redefining spanish shorthand >>
(babel)             in language  on input line 511.
Package babel Info: Redefining spanish shorthand "=
(babel)             in language  on input line 511.
Package babel Info: Redefining spanish shorthand "~
(babel)             in language  on input line 511.
Package babel Info: Redefining spanish shorthand "!
(babel)             in language  on input line 511.
Package babel Info: Redefining spanish shorthand "?
(babel)             in language  on input line 511.
[21]

Package natbib Warning: Citation `Green_MCMCRJ' on page 22 undefined on input l
ine 513.

Package babel Info: Redefining spanish shorthand <<
(babel)             in language  on input line 525.
Package babel Info: Redefining spanish shorthand >>
(babel)             in language  on input line 525.
Package babel Info: Redefining spanish shorthand "=
(babel)             in language  on input line 525.
Package babel Info: Redefining spanish shorthand "~
(babel)             in language  on input line 525.
Package babel Info: Redefining spanish shorthand "!
(babel)             in language  on input line 525.
Package babel Info: Redefining spanish shorthand "?
(babel)             in language  on input line 525.
Package babel Info: Redefining spanish shorthand <<
(babel)             in language  on input line 525.
Package babel Info: Redefining spanish shorthand >>
(babel)             in language  on input line 525.
Package babel Info: Redefining spanish shorthand "=
(babel)             in language  on input line 525.
Package babel Info: Redefining spanish shorthand "~
(babel)             in language  on input line 525.
Package babel Info: Redefining spanish shorthand "!
(babel)             in language  on input line 525.
Package babel Info: Redefining spanish shorthand "?
(babel)             in language  on input line 525.
[22]

Package natbib Warning: Citation `Green_MCMCRJ' on page 23 undefined on input l
ine 542.


Package natbib Warning: Citation `Godsill_MCMCModelUncertainty' on page 23 unde
fined on input line 542.


Package natbib Warning: Citation `Godsill_MCMCModelUncertainty' on page 23 unde
fined on input line 542.

Package babel Info: Redefining spanish shorthand <<
(babel)             in language  on input line 551.
Package babel Info: Redefining spanish shorthand >>
(babel)             in language  on input line 551.
Package babel Info: Redefining spanish shorthand "=
(babel)             in language  on input line 551.
Package babel Info: Redefining spanish shorthand "~
(babel)             in language  on input line 551.
Package babel Info: Redefining spanish shorthand "!
(babel)             in language  on input line 551.
Package babel Info: Redefining spanish shorthand "?
(babel)             in language  on input line 551.
Package babel Info: Redefining spanish shorthand <<
(babel)             in language  on input line 551.
Package babel Info: Redefining spanish shorthand >>
(babel)             in language  on input line 551.
Package babel Info: Redefining spanish shorthand "=
(babel)             in language  on input line 551.
Package babel Info: Redefining spanish shorthand "~
(babel)             in language  on input line 551.
Package babel Info: Redefining spanish shorthand "!
(babel)             in language  on input line 551.
Package babel Info: Redefining spanish shorthand "?
(babel)             in language  on input line 551.
[23]
Package babel Info: Redefining spanish shorthand <<
(babel)             in language  on input line 558.
Package babel Info: Redefining spanish shorthand >>
(babel)             in language  on input line 558.
Package babel Info: Redefining spanish shorthand "=
(babel)             in language  on input line 558.
Package babel Info: Redefining spanish shorthand "~
(babel)             in language  on input line 558.
Package babel Info: Redefining spanish shorthand "!
(babel)             in language  on input line 558.
Package babel Info: Redefining spanish shorthand "?
(babel)             in language  on input line 558.
Package babel Info: Redefining spanish shorthand <<
(babel)             in language  on input line 561.
Package babel Info: Redefining spanish shorthand >>
(babel)             in language  on input line 561.
Package babel Info: Redefining spanish shorthand "=
(babel)             in language  on input line 561.
Package babel Info: Redefining spanish shorthand "~
(babel)             in language  on input line 561.
Package babel Info: Redefining spanish shorthand "!
(babel)             in language  on input line 561.
Package babel Info: Redefining spanish shorthand "?
(babel)             in language  on input line 561.
Package babel Info: Redefining spanish shorthand <<
(babel)             in language  on input line 561.
Package babel Info: Redefining spanish shorthand >>
(babel)             in language  on input line 561.
Package babel Info: Redefining spanish shorthand "=
(babel)             in language  on input line 561.
Package babel Info: Redefining spanish shorthand "~
(babel)             in language  on input line 561.
Package babel Info: Redefining spanish shorthand "!
(babel)             in language  on input line 561.
Package babel Info: Redefining spanish shorthand "?
(babel)             in language  on input line 561.
 [24] (EST46114_Notas.bbl
Package babel Info: Redefining spanish shorthand <<
(babel)             in language  on input line 1.
Package babel Info: Redefining spanish shorthand >>
(babel)             in language  on input line 1.
Package babel Info: Redefining spanish shorthand "=
(babel)             in language  on input line 1.
Package babel Info: Redefining spanish shorthand "~
(babel)             in language  on input line 1.
Package babel Info: Redefining spanish shorthand "!
(babel)             in language  on input line 1.
Package babel Info: Redefining spanish shorthand "?
(babel)             in language  on input line 1.
Package babel Info: Redefining spanish shorthand <<
(babel)             in language  on input line 1.
Package babel Info: Redefining spanish shorthand >>
(babel)             in language  on input line 1.
Package babel Info: Redefining spanish shorthand "=
(babel)             in language  on input line 1.
Package babel Info: Redefining spanish shorthand "~
(babel)             in language  on input line 1.
Package babel Info: Redefining spanish shorthand "!
(babel)             in language  on input line 1.
Package babel Info: Redefining spanish shorthand "?
(babel)             in language  on input line 1.
 [25]
Package babel Info: Redefining spanish shorthand <<
(babel)             in language  on input line 60.
Package babel Info: Redefining spanish shorthand >>
(babel)             in language  on input line 60.
Package babel Info: Redefining spanish shorthand "=
(babel)             in language  on input line 60.
Package babel Info: Redefining spanish shorthand "~
(babel)             in language  on input line 60.
Package babel Info: Redefining spanish shorthand "!
(babel)             in language  on input line 60.
Package babel Info: Redefining spanish shorthand "?
(babel)             in language  on input line 60.
Package babel Info: Redefining spanish shorthand <<
(babel)             in language  on input line 60.
Package babel Info: Redefining spanish shorthand >>
(babel)             in language  on input line 60.
Package babel Info: Redefining spanish shorthand "=
(babel)             in language  on input line 60.
Package babel Info: Redefining spanish shorthand "~
(babel)             in language  on input line 60.
Package babel Info: Redefining spanish shorthand "!
(babel)             in language  on input line 60.
Package babel Info: Redefining spanish shorthand "?
(babel)             in language  on input line 60.
 [26

])

Package natbib Warning: There were undefined citations.

Package atveryend Info: Empty hook `BeforeClearDocument' on input line 572.
Package babel Info: Redefining spanish shorthand <<
(babel)             in language  on input line 572.
Package babel Info: Redefining spanish shorthand >>
(babel)             in language  on input line 572.
Package babel Info: Redefining spanish shorthand "=
(babel)             in language  on input line 572.
Package babel Info: Redefining spanish shorthand "~
(babel)             in language  on input line 572.
Package babel Info: Redefining spanish shorthand "!
(babel)             in language  on input line 572.
Package babel Info: Redefining spanish shorthand "?
(babel)             in language  on input line 572.
Package babel Info: Redefining spanish shorthand <<
(babel)             in language  on input line 572.
Package babel Info: Redefining spanish shorthand >>
(babel)             in language  on input line 572.
Package babel Info: Redefining spanish shorthand "=
(babel)             in language  on input line 572.
Package babel Info: Redefining spanish shorthand "~
(babel)             in language  on input line 572.
Package babel Info: Redefining spanish shorthand "!
(babel)             in language  on input line 572.
Package babel Info: Redefining spanish shorthand "?
(babel)             in language  on input line 572.
[27]
Package atveryend Info: Empty hook `AfterLastShipout' on input line 572.
 (EST46114_Notas.aux
LaTeX Info: Redefining \. on input line 23.
LaTeX Info: Redefining \% on input line 23.


Package natbib Warning: Citation(s) may have changed.
(natbib)                Rerun to get citations correct.

)
Package atveryend Info: Executing hook `AtVeryEndDocument' on input line 572.
Package atveryend Info: Executing hook `AtEndAfterFileList' on input line 572.
Package rerunfilecheck Info: File `EST46114_Notas.out' has not changed.
(rerunfilecheck)             Checksum: 44E730814AFCE474811B59FB66FC9404;1152.


LaTeX Warning: There were undefined references.

Package atveryend Info: Empty hook `AtVeryVeryEnd' on input line 572.
 ) 
Here is how much of TeX's memory you used:
 8635 strings out of 493671
 117173 string characters out of 3149563
 222747 words of memory out of 3000000
 11705 multiletter control sequences out of 15000+200000
 91578 words of font info for 155 fonts, out of 3000000 for 9000
 1025 hyphenation exceptions out of 8191
 29i,12n,32p,2862b,484s stack positions out of 5000i,500n,10000p,200000b,50000s
{C:/MiKTeX 2.9/fonts/enc/dvips/fontname/8r.enc}{C:/MiKTeX 2.9/fonts/enc/dvips
/cm-super/cm-super-t1.enc}<C:/MiKTeX 2.9/fonts/type1/public/amsfonts/cm/cmex10.
pfb><C:/MiKTeX 2.9/fonts/type1/public/amsfonts/cm/cmmi10.pfb><C:/MiKTeX 2.9/fon
ts/type1/public/amsfonts/cm/cmr10.pfb><C:/MiKTeX 2.9/fonts/type1/public/amsfont
s/cm/cmsy10.pfb><C:/MiKTeX 2.9/fonts/type1/public/amsfonts/symbols/msam10.pfb><
C:/MiKTeX 2.9/fonts/type1/public/amsfonts/symbols/msbm10.pfb><C:/MiKTeX 2.9/fon
ts/type1/public/rsfs/rsfs10.pfb><C:/MiKTeX 2.9/fonts/type1/public/cm-super/sftt
1095.pfb><C:/MiKTeX 2.9/fonts/type1/urw/symbol/usyr.pfb><C:/MiKTeX 2.9/fonts/ty
pe1/urw/symbol/usyr.pfb><C:/MiKTeX 2.9/fonts/type1/urw/times/utmb8a.pfb><C:/MiK
TeX 2.9/fonts/type1/urw/times/utmr8a.pfb><C:/MiKTeX 2.9/fonts/type1/urw/times/u
tmri8a.pfb>
Output written on EST46114_Notas.pdf (30 pages, 242185 bytes).
PDF statistics:
 358 PDF objects out of 1000 (max. 8388607)
 90 named destinations out of 1000 (max. 500000)
 121 words of extra memory for PDF output out of 10000 (max. 10000000)

